-------------------------------------------------------------------------------
Test set: com.tajawel.runner.regression.RegressionTest
-------------------------------------------------------------------------------
Tests run: 20, Failures: 1, Errors: 0, Skipped: 0, Time elapsed: 142.297 s <<< FAILURE! - in com.tajawel.runner.regression.RegressionTest
Check the mandatory element validation(Testing the Calendar Fare)  Time elapsed: 6.537 s  <<< FAILURE!
java.lang.AssertionError: STATUS CODE VALIDATION FAILED

