-------------------------------------------------------------------------------
Test set: com.tajawal.runner.regression.RegressionTest
-------------------------------------------------------------------------------
Tests run: 20, Failures: 1, Errors: 0, Skipped: 0, Time elapsed: 135.165 s <<< FAILURE! - in com.tajawal.runner.regression.RegressionTest
Check the mandatory element validation(Testing the Calendar Fare)  Time elapsed: 6.224 s  <<< FAILURE!
java.lang.AssertionError: STATUS CODE VALIDATION FAILED

