-------------------------------------------------------------------------------
Test set: runner.regression.RegressionTest
-------------------------------------------------------------------------------
Tests run: 1, Failures: 0, Errors: 1, Skipped: 0, Time elapsed: 13.555 s <<< FAILURE! - in runner.regression.RegressionTest
To verify the response structure(Get AutoComplete)  Time elapsed: 12.93 s  <<< ERROR!
io.cucumber.datatable.dependency.com.fasterxml.jackson.databind.exc.UnrecognizedPropertyException: 
Unrecognized field "thumbnail_url" (class com.tajawel.autocomplete.response.pojo.Hotel), not marked as ignorable (10 known properties: "isActive", "thumbnailUrl", "country", "additionalProperties", "name", "displayType", "hotelId", "city", "latitude", "longitude"])
 at [Source: (String)"{"locations":[{"name":"Chennai","city":"Tamil Nadu","country":"India","displayType":"Location","placeId":"ChIJYTN9T-plUjoRM9RjaAunYW4","source":"google","googleType":{"typeNameEn":"City","typeNameAr":"?????"}},{"name":"Chernobyl","city":"Kyiv Oblast","country":"Ukraine","displayType":"Location","placeId":"ChIJz6uY6ACPKkcRLF3926vOvBQ","source":"google","googleType":{"typeNameEn":"City","typeNameAr":"?????"}},{"name":"Chemnitz","city":"Chemnitz","country":"Germany","displayType":"Location","placeI"[truncated 1882 chars]; line: 1, column: 1113] (through reference chain: com.tajawel.autocomplete.response.pojo.AutoCompletResponse["hotels"]->java.util.ArrayList[0]->com.tajawel.autocomplete.response.pojo.Hotel["thumbnail_url"])

