<?xml version="1.0" encoding="UTF-8"?>
<testsuite xmlns:xsi="http://www.w3.org/2001/XMLSchema-instance" xsi:noNamespaceSchemaLocation="https://maven.apache.org/surefire/maven-surefire-plugin/xsd/surefire-test-report.xsd" name="com.tajawal.runner.regression.RegressionTest" time="135.165" tests="20" errors="0" skipped="0" failures="1">
  <properties>
[...]
</properties>
  <testcase name="check the status code and schema" classname="Testing the Calendar Fare" time="12.692"/>
  <testcase name="Check the mandatory element validation" classname="Testing the Calendar Fare" time="6.224">
    <failure message="STATUS CODE VALIDATION FAILED" type="java.lang.AssertionError">java.lang.AssertionError: STATUS CODE VALIDATION FAILED
</failure>
  </testcase>
  <testcase name="Check the mandatory element validation" classname="Testing the Calendar Fare" time="6.441"/>
  <testcase name="Check the mandatory element validation" classname="Testing the Calendar Fare" time="6.231"/>
  <testcase name="Check the mandatory element validation" classname="Testing the Calendar Fare" time="6.208"/>
  <testcase name="Check the mandatory element validation" classname="Testing the Calendar Fare" time="6.225"/>
  <testcase name="Check the mandatory element validation" classname="Testing the Calendar Fare" time="6.22"/>
  <testcase name="Check the mandatory element validation" classname="Testing the Calendar Fare" time="6.297"/>
  <testcase name="Check the optional element validation" classname="Testing the Calendar Fare" time="6.293"/>
  <testcase name="Check the optional element validation" classname="Testing the Calendar Fare" time="6.327"/>
  <testcase name="Check the optional element validation" classname="Testing the Calendar Fare" time="6.275"/>
  <testcase name="Check the optional element validation" classname="Testing the Calendar Fare" time="6.212"/>
  <testcase name="Check the optional element validation" classname="Testing the Calendar Fare" time="6.248"/>
  <testcase name="verify get autocomplete resposne code" classname="Get AutoComplete" time="6.427"/>
  <testcase name="To verify the response structure" classname="Get AutoComplete" time="6.662"/>
  <testcase name="To Verify the location and hotel count in the resposne" classname="Get AutoComplete" time="6.426"/>
  <testcase name="To Verify the location and hotel count in the resposne" classname="Get AutoComplete" time="6.693"/>
  <testcase name="verify the display type for hotel and location" classname="Get AutoComplete" time="8.013"/>
  <testcase name="verify the display type for hotel and location" classname="Get AutoComplete" time="6.117"/>
  <testcase name="verify the display type for hotel and location" classname="Get AutoComplete" time="6.315"/>
</testsuite>