<?xml version="1.0" encoding="UTF-8"?>
<testsuite xmlns:xsi="http://www.w3.org/2001/XMLSchema-instance" xsi:noNamespaceSchemaLocation="https://maven.apache.org/surefire/maven-surefire-plugin/xsd/surefire-test-report.xsd" name="runner.regression.RegressionTest" time="13.555" tests="1" errors="1" skipped="0" failures="0">
  <properties>
[...]
</properties>
  <testcase name="To verify the response structure" classname="Get AutoComplete" time="12.93">
    <error message="Unrecognized field &quot;thumbnail_url&quot; (class com.tajawel.autocomplete.response.pojo.Hotel), not marked as ignorable (10 known properties: &quot;isActive&quot;, &quot;thumbnailUrl&quot;, &quot;country&quot;, &quot;additionalProperties&quot;, &quot;name&quot;, &quot;displayType&quot;, &quot;hotelId&quot;, &quot;city&quot;, &quot;latitude&quot;, &quot;longitude&quot;])&#10; at [Source: (String)&quot;{&quot;locations&quot;:[{&quot;name&quot;:&quot;Chennai&quot;,&quot;city&quot;:&quot;Tamil Nadu&quot;,&quot;country&quot;:&quot;India&quot;,&quot;displayType&quot;:&quot;Location&quot;,&quot;placeId&quot;:&quot;ChIJYTN9T-plUjoRM9RjaAunYW4&quot;,&quot;source&quot;:&quot;google&quot;,&quot;googleType&quot;:{&quot;typeNameEn&quot;:&quot;City&quot;,&quot;typeNameAr&quot;:&quot;مدينة&quot;}},{&quot;name&quot;:&quot;Chernobyl&quot;,&quot;city&quot;:&quot;Kyiv Oblast&quot;,&quot;country&quot;:&quot;Ukraine&quot;,&quot;displayType&quot;:&quot;Location&quot;,&quot;placeId&quot;:&quot;ChIJz6uY6ACPKkcRLF3926vOvBQ&quot;,&quot;source&quot;:&quot;google&quot;,&quot;googleType&quot;:{&quot;typeNameEn&quot;:&quot;City&quot;,&quot;typeNameAr&quot;:&quot;مدينة&quot;}},{&quot;name&quot;:&quot;Chemnitz&quot;,&quot;city&quot;:&quot;Chemnitz&quot;,&quot;country&quot;:&quot;Germany&quot;,&quot;displayType&quot;:&quot;Location&quot;,&quot;placeI&quot;[truncated 1882 chars]; line: 1, column: 1113] (through reference chain: com.tajawel.autocomplete.response.pojo.AutoCompletResponse[&quot;hotels&quot;]-&gt;java.util.ArrayList[0]-&gt;com.tajawel.autocomplete.response.pojo.Hotel[&quot;thumbnail_url&quot;])" type="io.cucumber.datatable.dependency.com.fasterxml.jackson.databind.exc.UnrecognizedPropertyException">io.cucumber.datatable.dependency.com.fasterxml.jackson.databind.exc.UnrecognizedPropertyException: 
Unrecognized field "thumbnail_url" (class com.tajawel.autocomplete.response.pojo.Hotel), not marked as ignorable (10 known properties: "isActive", "thumbnailUrl", "country", "additionalProperties", "name", "displayType", "hotelId", "city", "latitude", "longitude"])
 at [Source: (String)"{"locations":[{"name":"Chennai","city":"Tamil Nadu","country":"India","displayType":"Location","placeId":"ChIJYTN9T-plUjoRM9RjaAunYW4","source":"google","googleType":{"typeNameEn":"City","typeNameAr":"مدينة"}},{"name":"Chernobyl","city":"Kyiv Oblast","country":"Ukraine","displayType":"Location","placeId":"ChIJz6uY6ACPKkcRLF3926vOvBQ","source":"google","googleType":{"typeNameEn":"City","typeNameAr":"مدينة"}},{"name":"Chemnitz","city":"Chemnitz","country":"Germany","displayType":"Location","placeI"[truncated 1882 chars]; line: 1, column: 1113] (through reference chain: com.tajawel.autocomplete.response.pojo.AutoCompletResponse["hotels"]->java.util.ArrayList[0]->com.tajawel.autocomplete.response.pojo.Hotel["thumbnail_url"])
</error>
    <system-err><![CDATA[SLF4J: Failed to load class "org.slf4j.impl.StaticLoggerBinder".
SLF4J: Defaulting to no-operation (NOP) logger implementation
SLF4J: See http://www.slf4j.org/codes.html#StaticLoggerBinder for further details.
]]></system-err>
  </testcase>
</testsuite>